<?xml version="1.0" encoding="UTF-8"?>
<!-- Generated by org.testng.reporters.JUnitReportReporter -->
<testsuite hostname="LAPTOP-GQOS4IUB" failures="0" tests="1" name="samplescripts.Test1Test" time="0.010" errors="0" timestamp="2023-07-06T11:22:27 IST" skipped="0">
  <testcase classname="samplescripts.Test1Test" name="t1" time="0.010"/>
  <system-out/>
</testsuite> <!-- samplescripts.Test1Test -->
